<?xml version="1.0" encoding="UTF-8"?>
<!-- Generated by org.testng.reporters.JUnitReportReporter -->
<testsuite skipped="0" hostname="Shwetha" name="ASP_Login.ASP_login" tests="1" failures="0" timestamp="21 Nov 2018 13:14:06 GMT" time="20.222" errors="0">
  <testcase name="aspvalid" time="20.222" classname="ASP_Login.ASP_login"/>
</testsuite> <!-- ASP_Login.ASP_login -->
