<?xml version="1.0" encoding="UTF-8"?>
<!-- Generated by org.testng.reporters.JUnitReportReporter -->
<testsuite skipped="0" hostname="Shwetha" name="Create_Service_Request_CCT_Multi.CCT_Multi" tests="4" failures="0" timestamp="20 Nov 2018 11:06:33 GMT" time="383.658" errors="0">
  <testcase name="HiFillPatientInformationCCTDefaultAndCustomMulti" time="82.065" classname="Create_Service_Request_CCT_Multi.CCT_Multi"/>
  <testcase name="HiFillPatientInformationCCTDefaultMulti" time="106.564" classname="Create_Service_Request_CCT_Multi.CCT_Multi"/>
  <testcase name="HiFillPatientInformationCCTCustomAndDefaultMulti" time="115.689" classname="Create_Service_Request_CCT_Multi.CCT_Multi"/>
  <testcase name="HiFillPatientInformationCCTCustomMulti" time="79.340" classname="Create_Service_Request_CCT_Multi.CCT_Multi"/>
</testsuite> <!-- Create_Service_Request_CCT_Multi.CCT_Multi -->
