<?xml version="1.0" encoding="UTF-8"?>
<!-- Generated by org.testng.reporters.JUnitReportReporter -->
<testsuite skipped="0" hostname="Shwetha" name="Create_Service_Request_BLS_Multi.BLS_Multi" tests="4" failures="0" timestamp="29 Nov 2018 13:07:45 GMT" time="486.847" errors="0">
  <testcase name="HiFillPatientInformationBLSDefaultMulti" time="132.224" classname="Create_Service_Request_BLS_Multi.BLS_Multi"/>
  <testcase name="HiFillPatientInformationBLSCustomAndDefaultMulti" time="139.550" classname="Create_Service_Request_BLS_Multi.BLS_Multi"/>
  <testcase name="HiFillPatientInformationBLSCustomMulti" time="113.473" classname="Create_Service_Request_BLS_Multi.BLS_Multi"/>
  <testcase name="HiFillPatientInformationBLSDefaultAndCustomMulti" time="101.600" classname="Create_Service_Request_BLS_Multi.BLS_Multi"/>
</testsuite> <!-- Create_Service_Request_BLS_Multi.BLS_Multi -->
