<?xml version="1.0" encoding="UTF-8"?>
<!-- Generated by org.testng.reporters.JUnitReportReporter -->
<testsuite skipped="0" hostname="Shwetha" name="Add_NewASP_Selectionlogic.ASP_AddASP" tests="1" failures="0" timestamp="21 Nov 2018 06:42:07 GMT" time="21.959" errors="0">
  <testcase name="VerifyAspPage" time="21.959" classname="Add_NewASP_Selectionlogic.ASP_AddASP"/>
</testsuite> <!-- Add_NewASP_Selectionlogic.ASP_AddASP -->
