<?xml version="1.0" encoding="UTF-8"?>
<!-- Generated by org.testng.reporters.JUnitReportReporter -->
<testsuite skipped="0" hostname="Shwetha" name="Create_Service_Request_ALS_Oneway.ALS_Oneway" tests="4" failures="0" timestamp="29 Nov 2018 13:07:46 GMT" time="301.362" errors="0">
  <testcase name="HiFillPatientInformationALSCustom" time="77.932" classname="Create_Service_Request_ALS_Oneway.ALS_Oneway"/>
  <testcase name="HiCreateServiceRequest" time="72.501" classname="Create_Service_Request_ALS_Oneway.ALS_Oneway"/>
  <testcase name="HiFillPatientInformationALSCustomAndDefault" time="78.588" classname="Create_Service_Request_ALS_Oneway.ALS_Oneway"/>
  <testcase name="HiFillPatientInformationALSDefaultAndCustom" time="72.341" classname="Create_Service_Request_ALS_Oneway.ALS_Oneway"/>
</testsuite> <!-- Create_Service_Request_ALS_Oneway.ALS_Oneway -->
