<?xml version="1.0" encoding="UTF-8"?>
<!-- Generated by org.testng.reporters.JUnitReportReporter -->
<testsuite skipped="0" hostname="Shwetha" name="Create_Service_Request_WCT_Multi.WCT_Multi" tests="4" failures="0" timestamp="29 Nov 2018 13:07:46 GMT" time="463.550" errors="0">
  <testcase name="HiFillPatientInformationWCTDefaultAndCustomMulti" time="102.221" classname="Create_Service_Request_WCT_Multi.WCT_Multi"/>
  <testcase name="HiFillPatientInformationWCTDefaultMulti" time="128.886" classname="Create_Service_Request_WCT_Multi.WCT_Multi"/>
  <testcase name="HiFillPatientInformationWCTCustomAndDefaultMulti" time="128.648" classname="Create_Service_Request_WCT_Multi.WCT_Multi"/>
  <testcase name="HiFillPatientInformationWCTCustomMulti" time="103.795" classname="Create_Service_Request_WCT_Multi.WCT_Multi"/>
</testsuite> <!-- Create_Service_Request_WCT_Multi.WCT_Multi -->
