<?xml version="1.0" encoding="UTF-8"?>
<!-- Generated by org.testng.reporters.JUnitReportReporter -->
<testsuite skipped="0" hostname="Shwetha" name="Create_Service_Request_ALS_Multi.ALS_Multi" tests="4" failures="0" timestamp="20 Nov 2018 12:26:16 GMT" time="401.684" errors="0">
  <testcase name="HiFillPatientInformationALSDefaultMulti" time="125.129" classname="Create_Service_Request_ALS_Multi.ALS_Multi"/>
  <testcase name="HiFillPatientInformationALSCustomAndDefaultMulti" time="118.584" classname="Create_Service_Request_ALS_Multi.ALS_Multi"/>
  <testcase name="HiFillPatientInformationALSCustomMulti" time="81.303" classname="Create_Service_Request_ALS_Multi.ALS_Multi"/>
  <testcase name="HiFillPatientInformationALSDefaultAndCustomMulti" time="76.668" classname="Create_Service_Request_ALS_Multi.ALS_Multi"/>
</testsuite> <!-- Create_Service_Request_ALS_Multi.ALS_Multi -->
