<?xml version="1.0" encoding="UTF-8"?>
<!-- Generated by org.testng.reporters.JUnitReportReporter -->
<testsuite skipped="0" hostname="Shwetha" name="Create_Service_Request_CCT_Roundtrip.CCT_Roundtrip" tests="4" failures="0" timestamp="20 Nov 2018 14:01:54 GMT" time="221.844" errors="0">
  <testcase name="HiFillPatientInformationCCTRoundTrip" time="54.826" classname="Create_Service_Request_CCT_Roundtrip.CCT_Roundtrip"/>
  <testcase name="HiFillPatientInformationCCTRoundTripdefaultpickcustomdest" time="44.876" classname="Create_Service_Request_CCT_Roundtrip.CCT_Roundtrip"/>
  <testcase name="HiFillPatientInformationCCTRoundcustompickdefaultdest" time="69.691" classname="Create_Service_Request_CCT_Roundtrip.CCT_Roundtrip"/>
  <testcase name="HiFillPatientInformationCCTRoudtrip" time="52.451" classname="Create_Service_Request_CCT_Roundtrip.CCT_Roundtrip"/>
</testsuite> <!-- Create_Service_Request_CCT_Roundtrip.CCT_Roundtrip -->
