<?xml version="1.0" encoding="UTF-8"?>
<!-- Generated by org.testng.reporters.JUnitReportReporter -->
<testsuite skipped="0" hostname="Shwetha" name="ASP_Registration.ASP_Registration" tests="1" failures="0" timestamp="21 Nov 2018 11:39:25 GMT" time="40.738" errors="0">
  <testcase name="aspreg" time="40.738" classname="ASP_Registration.ASP_Registration"/>
</testsuite> <!-- ASP_Registration.ASP_Registration -->
