<?xml version="1.0" encoding="UTF-8"?>
<!-- Generated by org.testng.reporters.JUnitReportReporter -->
<testsuite skipped="0" hostname="Shwetha" name="Create_Service_Request_CCT_Roundtrip.CCT_Roundtrip" tests="4" failures="0" timestamp="29 Nov 2018 13:07:46 GMT" time="278.199" errors="0">
  <testcase name="HiFillPatientInformationCCTRoundTrip" time="64.104" classname="Create_Service_Request_CCT_Roundtrip.CCT_Roundtrip"/>
  <testcase name="HiFillPatientInformationCCTRoundTripdefaultpickcustomdest" time="64.239" classname="Create_Service_Request_CCT_Roundtrip.CCT_Roundtrip"/>
  <testcase name="HiFillPatientInformationCCTRoundcustompickdefaultdest" time="85.972" classname="Create_Service_Request_CCT_Roundtrip.CCT_Roundtrip"/>
  <testcase name="HiFillPatientInformationCCTRoudtrip" time="63.884" classname="Create_Service_Request_CCT_Roundtrip.CCT_Roundtrip"/>
</testsuite> <!-- Create_Service_Request_CCT_Roundtrip.CCT_Roundtrip -->
