<?xml version="1.0" encoding="UTF-8"?>
<!-- Generated by org.testng.reporters.JUnitReportReporter -->
<testsuite skipped="0" hostname="Shwetha" name="Registration.HI_Reg" tests="1" failures="0" timestamp="20 Nov 2018 11:06:33 GMT" time="18.910" errors="0">
  <testcase name="hireg" time="18.910" classname="Registration.HI_Reg"/>
</testsuite> <!-- Registration.HI_Reg -->
