<?xml version="1.0" encoding="UTF-8"?>
<!-- Generated by org.testng.reporters.JUnitReportReporter -->
<testsuite skipped="0" hostname="Shwetha" name="Create_Service_Request_BLS_Oneway.BLS_Oneway" tests="4" failures="0" timestamp="29 Nov 2018 13:07:46 GMT" time="280.582" errors="0">
  <testcase name="HiFillPatientInformationBLSCustom" time="72.496" classname="Create_Service_Request_BLS_Oneway.BLS_Oneway"/>
  <testcase name="HiFillPatientInformationBLS" time="68.088" classname="Create_Service_Request_BLS_Oneway.BLS_Oneway"/>
  <testcase name="HiFillPatientInformationBLSCustomAndDefault" time="73.660" classname="Create_Service_Request_BLS_Oneway.BLS_Oneway"/>
  <testcase name="HiFillPatientInformationBLSDefaultAndCustom" time="66.338" classname="Create_Service_Request_BLS_Oneway.BLS_Oneway"/>
</testsuite> <!-- Create_Service_Request_BLS_Oneway.BLS_Oneway -->
