<?xml version="1.0" encoding="UTF-8"?>
<!-- Generated by org.testng.reporters.JUnitReportReporter -->
<testsuite skipped="0" hostname="Shwetha" name="Create_Service_Request_CCT_Multi.CCT_Multi" tests="4" failures="0" timestamp="29 Nov 2018 13:07:46 GMT" time="474.938" errors="0">
  <testcase name="HiFillPatientInformationCCTDefaultAndCustomMulti" time="101.619" classname="Create_Service_Request_CCT_Multi.CCT_Multi"/>
  <testcase name="HiFillPatientInformationCCTDefaultMulti" time="125.993" classname="Create_Service_Request_CCT_Multi.CCT_Multi"/>
  <testcase name="HiFillPatientInformationCCTCustomAndDefaultMulti" time="139.617" classname="Create_Service_Request_CCT_Multi.CCT_Multi"/>
  <testcase name="HiFillPatientInformationCCTCustomMulti" time="107.709" classname="Create_Service_Request_CCT_Multi.CCT_Multi"/>
</testsuite> <!-- Create_Service_Request_CCT_Multi.CCT_Multi -->
