<?xml version="1.0" encoding="UTF-8"?>
<!-- Generated by org.testng.reporters.JUnitReportReporter -->
<testsuite skipped="0" hostname="Shwetha" name="Create_Service_Request_CCT_Oneway.CCT_Oneway" tests="4" failures="0" timestamp="20 Nov 2018 11:06:33 GMT" time="199.169" errors="0">
  <testcase name="HiFillPatientInformationCCTCustom" time="57.738" classname="Create_Service_Request_CCT_Oneway.CCT_Oneway"/>
  <testcase name="HiFillPatientInformationCCT" time="49.419" classname="Create_Service_Request_CCT_Oneway.CCT_Oneway"/>
  <testcase name="HiFillPatientInformationCCTCustomAndDefault" time="50.999" classname="Create_Service_Request_CCT_Oneway.CCT_Oneway"/>
  <testcase name="HiFillPatientInformationCCTDefaultAndCustom" time="41.013" classname="Create_Service_Request_CCT_Oneway.CCT_Oneway"/>
</testsuite> <!-- Create_Service_Request_CCT_Oneway.CCT_Oneway -->
