<?xml version="1.0" encoding="UTF-8"?>
<!-- Generated by org.testng.reporters.JUnitReportReporter -->
<testsuite skipped="0" hostname="Shwetha" name="Create_Service_Request_BLS_Oneway.BLS_Oneway" tests="4" failures="0" timestamp="20 Nov 2018 11:06:33 GMT" time="208.165" errors="0">
  <testcase name="HiFillPatientInformationBLSCustom" time="55.542" classname="Create_Service_Request_BLS_Oneway.BLS_Oneway"/>
  <testcase name="HiFillPatientInformationBLS" time="50.223" classname="Create_Service_Request_BLS_Oneway.BLS_Oneway"/>
  <testcase name="HiFillPatientInformationBLSCustomAndDefault" time="56.873" classname="Create_Service_Request_BLS_Oneway.BLS_Oneway"/>
  <testcase name="HiFillPatientInformationBLSDefaultAndCustom" time="45.527" classname="Create_Service_Request_BLS_Oneway.BLS_Oneway"/>
</testsuite> <!-- Create_Service_Request_BLS_Oneway.BLS_Oneway -->
