<?xml version="1.0" encoding="UTF-8"?>
<!-- Generated by org.testng.reporters.JUnitReportReporter -->
<testsuite skipped="0" hostname="Shwetha" name="Create_Service_Request_BLS_Roundtrip.BLS_Roundtrip" tests="4" failures="0" timestamp="29 Nov 2018 13:07:46 GMT" time="268.968" errors="0">
  <testcase name="HiFillPatientInformationBLSRoundTrip" time="66.393" classname="Create_Service_Request_BLS_Roundtrip.BLS_Roundtrip"/>
  <testcase name="HiFillPatientInformationBLSRoundTripdefaultpickcustomdest" time="58.100" classname="Create_Service_Request_BLS_Roundtrip.BLS_Roundtrip"/>
  <testcase name="HiFillPatientInformationBLSRoundcustompickdefaultdest" time="74.845" classname="Create_Service_Request_BLS_Roundtrip.BLS_Roundtrip"/>
  <testcase name="HiFillPatientInformationBLSRoundTripDefaultpickanddest" time="69.630" classname="Create_Service_Request_BLS_Roundtrip.BLS_Roundtrip"/>
</testsuite> <!-- Create_Service_Request_BLS_Roundtrip.BLS_Roundtrip -->
