<?xml version="1.0" encoding="UTF-8"?>
<!-- Generated by org.testng.reporters.JUnitReportReporter -->
<testsuite skipped="0" hostname="Shwetha" name="ASP_Requests.ASP_requests" tests="2" failures="0" timestamp="22 Nov 2018 16:28:24 GMT" time="79.564" errors="0">
  <testcase name="pending_requests" time="37.878" classname="ASP_Requests.ASP_requests"/>
  <testcase name="active_requests" time="41.686" classname="ASP_Requests.ASP_requests"/>
</testsuite> <!-- ASP_Requests.ASP_requests -->
