<?xml version="1.0" encoding="UTF-8"?>
<!-- Generated by org.testng.reporters.JUnitReportReporter -->
<testsuite skipped="0" hostname="Shwetha" name="Create_Service_Request_WCT_Roundtrip.WCT_Roundtrip" tests="4" failures="0" timestamp="21 Nov 2018 05:45:31 GMT" time="174.113" errors="0">
  <testcase name="HiFillPatientInformationWCTRoundTripcustompickdest" time="46.759" classname="Create_Service_Request_WCT_Roundtrip.WCT_Roundtrip"/>
  <testcase name="HiFillPatientInformationWCTRoundTripdefaultpickcustomdest" time="34.561" classname="Create_Service_Request_WCT_Roundtrip.WCT_Roundtrip"/>
  <testcase name="HiFillPatientInformationWCTRoundcustompickdefaultdest" time="49.404" classname="Create_Service_Request_WCT_Roundtrip.WCT_Roundtrip"/>
  <testcase name="HiFillPatientInformationWCTRoundTrip" time="43.389" classname="Create_Service_Request_WCT_Roundtrip.WCT_Roundtrip"/>
</testsuite> <!-- Create_Service_Request_WCT_Roundtrip.WCT_Roundtrip -->
