<?xml version="1.0" encoding="UTF-8"?>
<!-- Generated by org.testng.reporters.JUnitReportReporter -->
<testsuite skipped="0" hostname="Shwetha" name="Create_Service_Request_WCT_Multi.WCT_Multi" tests="4" failures="0" timestamp="21 Nov 2018 05:55:23 GMT" time="352.516" errors="0">
  <testcase name="HiFillPatientInformationWCTDefaultAndCustomMulti" time="72.820" classname="Create_Service_Request_WCT_Multi.WCT_Multi"/>
  <testcase name="HiFillPatientInformationWCTDefaultMulti" time="105.691" classname="Create_Service_Request_WCT_Multi.WCT_Multi"/>
  <testcase name="HiFillPatientInformationWCTCustomAndDefaultMulti" time="105.145" classname="Create_Service_Request_WCT_Multi.WCT_Multi"/>
  <testcase name="HiFillPatientInformationWCTCustomMulti" time="68.860" classname="Create_Service_Request_WCT_Multi.WCT_Multi"/>
</testsuite> <!-- Create_Service_Request_WCT_Multi.WCT_Multi -->
