<?xml version="1.0" encoding="UTF-8"?>
<!-- Generated by org.testng.reporters.JUnitReportReporter -->
<testsuite skipped="0" hostname="Shwetha" name="ASP_Amb_Crew_member_registration.ASP_Ambandcrew_reg" tests="3" failures="0" timestamp="22 Nov 2018 07:23:24 GMT" time="105.124" errors="0">
  <testcase name="ambulanceregistration" time="38.965" classname="ASP_Amb_Crew_member_registration.ASP_Ambandcrew_reg"/>
  <testcase name="crewmemberregistration" time="26.842" classname="ASP_Amb_Crew_member_registration.ASP_Ambandcrew_reg"/>
  <testcase name="crewmemberassignambulance" time="39.317" classname="ASP_Amb_Crew_member_registration.ASP_Ambandcrew_reg"/>
</testsuite> <!-- ASP_Amb_Crew_member_registration.ASP_Ambandcrew_reg -->
