<?xml version="1.0" encoding="UTF-8"?>
<!-- Generated by org.testng.reporters.JUnitReportReporter -->
<testsuite skipped="0" hostname="Shwetha" name="Create_Service_Request_ALS_Roundtrip.ALS_Roundtrip" tests="2" failures="0" timestamp="20 Nov 2018 11:58:28 GMT" time="130.770" errors="0">
  <testcase name="HiFillPatientInformationALSRoundTrip" time="70.367" classname="Create_Service_Request_ALS_Roundtrip.ALS_Roundtrip"/>
  <testcase name="HiFillPatientInformationALSRoundTripDefaultpickandDest" time="60.403" classname="Create_Service_Request_ALS_Roundtrip.ALS_Roundtrip"/>
</testsuite> <!-- Create_Service_Request_ALS_Roundtrip.ALS_Roundtrip -->
