<?xml version="1.0" encoding="UTF-8"?>
<!-- Generated by org.testng.reporters.JUnitReportReporter -->
<testsuite skipped="0" hostname="Shwetha" name="Create_Service_Request_BLS_Multi.BLS_Multi" tests="4" failures="0" timestamp="20 Nov 2018 11:06:33 GMT" time="382.421" errors="0">
  <testcase name="HiFillPatientInformationBLSDefaultMulti" time="116.795" classname="Create_Service_Request_BLS_Multi.BLS_Multi"/>
  <testcase name="HiFillPatientInformationBLSCustomAndDefaultMulti" time="116.563" classname="Create_Service_Request_BLS_Multi.BLS_Multi"/>
  <testcase name="HiFillPatientInformationBLSCustomMulti" time="79.184" classname="Create_Service_Request_BLS_Multi.BLS_Multi"/>
  <testcase name="HiFillPatientInformationBLSDefaultAndCustomMulti" time="69.879" classname="Create_Service_Request_BLS_Multi.BLS_Multi"/>
</testsuite> <!-- Create_Service_Request_BLS_Multi.BLS_Multi -->
